Mdi:ArrangeIcons
ScopeSigMgr:loadpffile /home/raid7_2/userb04/b04099/DSDHW/ICD_HW2/test.tr0 1 openonly
# PF:1
pf:read PF:1 v(out2)
# WF:1:1
Graph addsignal WF:1:1 -region new -yview real(y) -xview real(x) -tracehi 2
# Signal0
pf:read PF:1 v(out1)
# WF:1:2
Graph addsignal WF:1:2 -region new -yview real(y) -xview real(x) -tracehi 2
# Signal1
pf:read PF:1 v(b)
# WF:1:3
Graph addsignal WF:1:3 -region new -yview real(y) -xview real(x) -tracehi 2
# Signal2
pf:read PF:1 v(a)
# WF:1:4
Graph addsignal WF:1:4 -region new -yview real(y) -xview real(x) -tracehi 2
# Signal3
Mdi:FullSize
wm geometry .sigmgr._PF:1 231x341+639+384
wm geometry .sigmgr._PF:1 231x341+633+379
wm geometry .sigmgr._PF:1 231x341+628+366
wm geometry .sigmgr._PF:1 231x341+624+360
wm geometry .sigmgr._PF:1 231x341+619+350
wm geometry .sigmgr._PF:1 231x341+610+337
wm geometry .sigmgr._PF:1 231x341+609+333
wm geometry .sigmgr._PF:1 231x341+604+322
wm geometry .sigmgr._PF:1 231x341+602+320
wm geometry .sigmgr._PF:1 231x341+599+313
wm geometry .sigmgr._PF:1 231x341+597+310
wm geometry .sigmgr._PF:1 231x341+596+305
wm geometry .sigmgr._PF:1 231x341+595+304
wm geometry .sigmgr._PF:1 231x341+595+302
wm geometry .sigmgr._PF:1 231x341+593+300
wm geometry .sigmgr._PF:1 231x341+594+299
wm geometry .sigmgr._PF:1 231x341+592+299
wm geometry .sigmgr._PF:1 231x341+593+297
wm geometry .sigmgr._PF:1 231x341+593+298
wm geometry .sigmgr._PF:1 231x341+593+297
